TN:
SF:src/app.ts
FN:23,(anonymous_1)
FN:33,init
FN:38,close
FNF:3
FNH:2
FNDA:1,(anonymous_1)
FNDA:10,init
FNDA:0,close
DA:1,10
DA:2,10
DA:3,10
DA:4,10
DA:5,10
DA:6,10
DA:15,10
DA:17,10
DA:19,10
DA:20,10
DA:23,1
DA:33,10
DA:34,10
DA:35,10
DA:38,10
DA:39,0
DA:42,10
LF:17
LH:16
BRF:0
BRH:0
end_of_record
TN:
SF:src/config/database.ts
FN:4,connectDb
FN:8,disconnectDB
FNF:2
FNH:1
FNDA:10,connectDb
FNDA:0,disconnectDB
DA:1,13
DA:4,13
DA:5,10
DA:8,13
DA:9,0
LF:5
LH:4
BRF:0
BRH:0
end_of_record
TN:
SF:src/config/envs.ts
FN:4,loadEnv
FNF:1
FNH:1
FNDA:23,loadEnv
DA:1,13
DA:2,13
DA:4,13
DA:6,23
DA:12,23
DA:13,23
LF:6
LH:6
BRDA:6,0,0,23
BRDA:6,0,1,0
BRDA:8,1,0,0
BRDA:8,1,1,0
BRF:4
BRH:1
end_of_record
TN:
SF:src/config/index.ts
FNF:0
FNH:0
DA:1,13
DA:2,13
LF:2
LH:2
BRF:0
BRH:0
end_of_record
TN:
SF:src/controllers/authentication-controller.ts
FN:5,singInPost
FNF:1
FNH:1
FNDA:5,singInPost
DA:2,10
DA:3,10
DA:5,10
DA:6,5
DA:8,5
DA:10,3
LF:6
LH:6
BRF:0
BRH:0
end_of_record
TN:
SF:src/controllers/enrollments-controller.ts
FN:7,getEnrollmentByUser
FN:15,postCreateOrUpdateEnrollment
FN:24,getAddressFromCEP
FNF:3
FNH:3
FNDA:2,getEnrollmentByUser
FNDA:2,postCreateOrUpdateEnrollment
FNDA:2,getAddressFromCEP
DA:2,10
DA:4,10
DA:7,10
DA:8,2
DA:10,2
DA:12,1
DA:15,10
DA:16,2
DA:21,2
DA:24,10
DA:25,2
DA:27,2
DA:28,1
LF:13
LH:13
BRF:0
BRH:0
end_of_record
TN:
SF:src/controllers/events-controller.ts
FN:5,getDefaultEvent
FNF:1
FNH:1
FNDA:2,getDefaultEvent
DA:2,10
DA:3,10
DA:5,10
DA:6,2
DA:7,1
LF:5
LH:5
BRF:0
BRH:0
end_of_record
TN:
SF:src/controllers/hotels-controller.ts
FN:6,getHotels
FN:14,getHotelById
FNF:2
FNH:2
FNDA:7,getHotels
FNDA:7,getHotelById
DA:2,10
DA:4,10
DA:6,10
DA:7,7
DA:9,7
DA:11,1
DA:14,10
DA:15,7
DA:16,7
DA:18,7
DA:20,1
LF:11
LH:11
BRF:0
BRH:0
end_of_record
TN:
SF:src/controllers/index.ts
FNF:0
FNH:0
DA:1,10
DA:2,10
DA:3,10
DA:4,10
DA:5,10
DA:6,10
DA:7,10
LF:7
LH:7
BRF:0
BRH:0
end_of_record
TN:
SF:src/controllers/payments-controller.ts
FN:7,getPaymentByTicketId
FN:15,paymentProcess
FNF:2
FNH:2
FNDA:4,getPaymentByTicketId
FNDA:5,paymentProcess
DA:2,10
DA:5,10
DA:7,10
DA:8,4
DA:9,4
DA:11,4
DA:12,1
DA:15,10
DA:16,5
DA:17,5
DA:19,5
DA:20,3
LF:12
LH:12
BRF:0
BRH:0
end_of_record
TN:
SF:src/controllers/tickets-controller.ts
FN:7,getTicketTypes
FN:12,getTicket
FN:18,createTicket
FNF:3
FNH:3
FNDA:2,getTicketTypes
FNDA:3,getTicket
FNDA:3,createTicket
DA:2,10
DA:4,10
DA:7,10
DA:8,2
DA:9,2
DA:12,10
DA:13,3
DA:14,3
DA:15,1
DA:18,10
DA:19,3
DA:20,3
DA:22,3
DA:23,2
LF:14
LH:14
BRF:0
BRH:0
end_of_record
TN:
SF:src/controllers/users-controller.ts
FN:5,usersPost
FNF:1
FNH:1
FNDA:6,usersPost
DA:2,10
DA:3,10
DA:5,10
DA:6,6
DA:8,6
DA:10,3
LF:6
LH:6
BRF:0
BRH:0
end_of_record
TN:
SF:src/errors/cannot-enroll-before-start-date-error.ts
FN:3,cannotEnrollBeforeStartDateError
FNF:1
FNH:1
FNDA:2,cannotEnrollBeforeStartDateError
DA:3,10
DA:4,2
LF:2
LH:2
BRF:0
BRH:0
end_of_record
TN:
SF:src/errors/conflict-error.ts
FN:3,conflictError
FNF:1
FNH:0
FNDA:0,conflictError
DA:3,10
DA:4,0
LF:2
LH:1
BRF:0
BRH:0
end_of_record
TN:
SF:src/errors/duplicate-email-error.ts
FN:3,duplicatedEmailError
FNF:1
FNH:1
FNDA:4,duplicatedEmailError
DA:3,10
DA:4,4
LF:2
LH:2
BRF:0
BRH:0
end_of_record
TN:
SF:src/errors/enrollment-not-found-error.ts
FN:3,enrollmentNotFoundError
FNF:1
FNH:1
FNDA:1,enrollmentNotFoundError
DA:3,10
DA:4,1
LF:2
LH:2
BRF:0
BRH:0
end_of_record
TN:
SF:src/errors/index.ts
FNF:0
FNH:0
DA:1,10
DA:2,10
DA:3,10
DA:4,10
DA:5,10
DA:6,10
DA:7,10
DA:8,10
DA:9,10
DA:10,10
DA:11,10
DA:12,10
DA:13,10
DA:14,10
LF:14
LH:14
BRF:0
BRH:0
end_of_record
TN:
SF:src/errors/invalid-cep-error.ts
FN:3,invalidCepError
FNF:1
FNH:0
FNDA:0,invalidCepError
DA:3,10
DA:4,0
LF:2
LH:1
BRF:0
BRH:0
end_of_record
TN:
SF:src/errors/invalid-credentials-error.ts
FN:3,invalidCredentialsError
FNF:1
FNH:1
FNDA:6,invalidCredentialsError
DA:3,10
DA:4,6
LF:2
LH:2
BRF:0
BRH:0
end_of_record
TN:
SF:src/errors/invalid-data-error.ts
FN:3,invalidDataError
FNF:1
FNH:1
FNDA:11,invalidDataError
DA:3,10
DA:4,11
LF:2
LH:2
BRF:0
BRH:0
end_of_record
TN:
SF:src/errors/invalid-email-error.ts
FN:3,invalidEmailError
FNF:1
FNH:0
FNDA:0,invalidEmailError
DA:3,10
DA:4,0
LF:2
LH:1
BRF:0
BRH:0
end_of_record
TN:
SF:src/errors/not-found-error.ts
FN:3,notFoundError
FNF:1
FNH:1
FNDA:12,notFoundError
DA:3,10
DA:4,12
LF:2
LH:2
BRF:0
BRH:0
end_of_record
TN:
SF:src/errors/payment-required-error.ts
FN:3,paymentRequiredError
FNF:1
FNH:1
FNDA:6,paymentRequiredError
DA:3,10
DA:4,6
LF:2
LH:2
BRF:0
BRH:0
end_of_record
TN:
SF:src/errors/request-error.ts
FN:3,requestError
FNF:1
FNH:1
FNDA:1,requestError
DA:3,10
DA:4,1
LF:2
LH:2
BRF:0
BRH:0
end_of_record
TN:
SF:src/errors/ticket-create-body-error.ts
FN:3,TicketCreateBodyError
FNF:1
FNH:0
FNDA:0,TicketCreateBodyError
DA:3,10
DA:4,0
LF:2
LH:1
BRF:0
BRH:0
end_of_record
TN:
SF:src/errors/ticket-not-found-error.ts
FN:3,TicketNotFoundError
FNF:1
FNH:0
FNDA:0,TicketNotFoundError
DA:3,10
DA:4,0
LF:2
LH:1
BRF:0
BRH:0
end_of_record
TN:
SF:src/errors/unauthorized-error.ts
FN:3,unauthorizedError
FNF:1
FNH:1
FNDA:18,unauthorizedError
DA:3,10
DA:4,18
LF:2
LH:2
BRF:0
BRH:0
end_of_record
TN:
SF:src/middlewares/authentication-middleware.ts
FN:6,authenticateToken
FNF:1
FNH:1
FNDA:66,authenticateToken
DA:2,10
DA:3,10
DA:4,10
DA:6,10
DA:7,66
DA:8,66
DA:10,57
DA:11,57
DA:13,57
DA:15,48
DA:16,48
DA:18,41
DA:19,41
LF:13
LH:13
BRDA:8,0,0,9
BRDA:11,1,0,0
BRDA:16,2,0,7
BRF:3
BRH:2
end_of_record
TN:
SF:src/middlewares/error-handling-middleware.ts
FN:5,handleApplicationErrors
FNF:1
FNH:1
FNDA:63,handleApplicationErrors
DA:2,10
DA:5,10
DA:11,63
DA:12,2
DA:17,61
DA:18,1
DA:23,60
DA:24,11
DA:29,49
DA:30,11
DA:35,38
DA:36,12
DA:41,26
DA:42,0
DA:47,26
DA:48,18
DA:53,8
DA:54,1
DA:57,7
DA:58,0
DA:61,7
DA:62,0
DA:65,7
DA:66,0
DA:69,7
DA:70,6
DA:73,1
DA:74,1
DA:80,0
DA:81,0
LF:30
LH:24
BRDA:11,0,0,2
BRDA:17,1,0,1
BRDA:17,2,0,61
BRDA:17,2,1,61
BRDA:23,3,0,11
BRDA:23,4,0,60
BRDA:23,4,1,58
BRDA:29,5,0,11
BRDA:35,6,0,12
BRDA:41,7,0,0
BRDA:47,8,0,18
BRDA:53,9,0,1
BRDA:57,10,0,0
BRDA:61,11,0,0
BRDA:65,12,0,0
BRDA:69,13,0,6
BRDA:73,14,0,1
BRDA:73,15,0,1
BRDA:73,15,1,1
BRF:19
BRH:15
end_of_record
TN:
SF:src/middlewares/index.ts
FNF:0
FNH:0
DA:1,10
DA:2,10
DA:3,10
LF:3
LH:3
BRF:0
BRH:0
end_of_record
TN:
SF:src/middlewares/validation-middleware.ts
FN:5,validateBody
FN:9,validateParams
FN:13,validate
FN:14,(anonymous_3)
FN:23,(anonymous_4)
FNF:5
FNH:4
FNDA:50,validateBody
FNDA:0,validateParams
FNDA:50,validate
FNDA:31,(anonymous_3)
FNDA:26,(anonymous_4)
DA:3,10
DA:5,10
DA:6,50
DA:9,10
DA:10,0
DA:14,50
DA:15,31
DA:19,31
DA:20,21
DA:22,10
DA:23,26
DA:24,10
LF:12
LH:11
BRDA:19,0,0,21
BRDA:19,0,1,10
BRF:2
BRH:2
end_of_record
TN:
SF:src/repositories/address-repository.ts
FN:4,upsert
FNF:1
FNH:1
FNDA:2,upsert
DA:2,10
DA:5,2
DA:20,10
LF:3
LH:3
BRF:0
BRH:0
end_of_record
TN:
SF:src/repositories/authentication-repository.ts
FN:4,createSession
FN:10,findSession
FNF:2
FNH:2
FNDA:5,createSession
FNDA:48,findSession
DA:2,10
DA:5,5
DA:11,48
DA:18,10
LF:4
LH:4
BRF:0
BRH:0
end_of_record
TN:
SF:src/repositories/enrollments-repository.ts
FN:4,findWithAddressByUserId
FN:13,upsert
FNF:2
FNH:2
FNDA:28,findWithAddressByUserId
FNDA:2,upsert
DA:2,10
DA:5,28
DA:18,2
DA:30,10
LF:4
LH:4
BRF:0
BRH:0
end_of_record
TN:
SF:src/repositories/events-repository.ts
FN:3,findFirst
FNF:1
FNH:1
FNDA:11,findFirst
DA:1,10
DA:4,11
DA:7,10
LF:3
LH:3
BRF:0
BRH:0
end_of_record
TN:
SF:src/repositories/hotels-repository.ts
FN:3,findHotels
FN:8,checkHotel
FN:24,findHotelById
FNF:3
FNH:3
FNDA:10,findHotels
FNDA:8,checkHotel
FNDA:1,findHotelById
DA:1,10
DA:4,10
DA:5,10
DA:9,8
DA:21,8
DA:25,1
DA:29,1
DA:32,10
LF:8
LH:8
BRF:0
BRH:0
end_of_record
TN:
SF:src/repositories/index.ts
FNF:0
FNH:0
DA:1,10
DA:2,10
DA:3,10
DA:4,10
DA:5,10
DA:6,10
DA:7,10
DA:8,10
LF:8
LH:8
BRF:0
BRH:0
end_of_record
TN:
SF:src/repositories/payments-repository.ts
FN:4,findPaymentByTicketId
FN:11,createPayment
FNF:2
FNH:2
FNDA:1,findPaymentByTicketId
FNDA:3,createPayment
DA:1,10
DA:5,1
DA:8,1
DA:12,3
DA:19,3
DA:22,10
LF:6
LH:6
BRF:0
BRH:0
end_of_record
TN:
SF:src/repositories/tickets-repository.ts
FN:5,findTicketTypes
FN:10,findTicketByEnrollmentId
FN:19,createTicket
FN:28,findTicketById
FN:37,ticketProcessPayment
FNF:5
FNH:5
FNDA:2,findTicketTypes
FNDA:14,findTicketByEnrollmentId
FNDA:2,createTicket
FNDA:8,findTicketById
FNDA:3,ticketProcessPayment
DA:1,10
DA:2,10
DA:6,2
DA:7,2
DA:11,14
DA:16,14
DA:20,2
DA:25,2
DA:29,8
DA:34,8
DA:38,3
DA:47,3
DA:50,10
LF:13
LH:13
BRF:0
BRH:0
end_of_record
TN:
SF:src/repositories/users-repository.ts
FN:4,findByEmail
FN:18,create
FNF:2
FNH:2
FNDA:16,findByEmail
FNDA:5,create
DA:2,10
DA:5,16
DA:11,16
DA:12,9
DA:15,16
DA:19,5
DA:24,10
LF:7
LH:7
BRDA:11,0,0,9
BRF:1
BRH:1
end_of_record
TN:
SF:src/routers/authentication-router.ts
FNF:0
FNH:0
DA:1,10
DA:2,10
DA:3,10
DA:4,10
DA:6,10
DA:8,10
DA:10,10
LF:7
LH:7
BRF:0
BRH:0
end_of_record
TN:
SF:src/routers/enrollments-router.ts
FNF:0
FNH:0
DA:1,10
DA:2,10
DA:3,10
DA:4,10
DA:6,10
DA:8,10
DA:14,10
LF:7
LH:7
BRF:0
BRH:0
end_of_record
TN:
SF:src/routers/events-router.ts
FNF:0
FNH:0
DA:1,10
DA:2,10
DA:4,10
DA:6,10
DA:8,10
LF:5
LH:5
BRF:0
BRH:0
end_of_record
TN:
SF:src/routers/hotels-router.ts
FNF:0
FNH:0
DA:1,10
DA:2,10
DA:3,10
DA:5,10
DA:7,10
DA:12,10
LF:6
LH:6
BRF:0
BRH:0
end_of_record
TN:
SF:src/routers/index.ts
FNF:0
FNH:0
DA:1,10
DA:2,10
DA:3,10
DA:4,10
DA:5,10
DA:6,10
DA:7,10
LF:7
LH:7
BRF:0
BRH:0
end_of_record
TN:
SF:src/routers/paymets-router.ts
FNF:0
FNH:0
DA:1,10
DA:2,10
DA:3,10
DA:4,10
DA:6,10
DA:8,10
DA:13,10
LF:7
LH:7
BRF:0
BRH:0
end_of_record
TN:
SF:src/routers/tickets-router.ts
FNF:0
FNH:0
DA:1,10
DA:2,10
DA:3,10
DA:4,10
DA:6,10
DA:8,10
DA:14,10
LF:7
LH:7
BRF:0
BRH:0
end_of_record
TN:
SF:src/routers/users-router.ts
FNF:0
FNH:0
DA:1,10
DA:3,10
DA:4,10
DA:5,10
DA:7,10
DA:9,10
DA:11,10
LF:7
LH:7
BRF:0
BRH:0
end_of_record
TN:
SF:src/schemas/authentication-schemas.ts
FNF:0
FNH:0
DA:1,13
DA:4,13
LF:2
LH:2
BRF:0
BRH:0
end_of_record
TN:
SF:src/schemas/enrollments-schemas.ts
FN:23,(anonymous_1)
FN:30,joiCpfValidation
FN:40,joiCepValidation
FN:50,joiMobilePhoneValidation
FNF:4
FNH:4
FNDA:351,(anonymous_1)
FNDA:29,joiCpfValidation
FNDA:19,joiCepValidation
FNDA:23,joiMobilePhoneValidation
DA:1,13
DA:2,13
DA:5,13
DA:7,13
DA:9,13
DA:11,13
DA:23,351
DA:31,29
DA:33,29
DA:34,1
DA:37,28
DA:41,19
DA:43,19
DA:44,1
DA:47,18
DA:51,23
DA:53,23
DA:54,0
DA:57,23
LF:19
LH:18
BRDA:31,0,0,0
BRDA:33,1,0,1
BRDA:41,2,0,0
BRDA:43,3,0,1
BRDA:51,4,0,0
BRDA:53,5,0,0
BRF:6
BRH:2
end_of_record
TN:
SF:src/schemas/index.ts
FNF:0
FNH:0
DA:1,13
DA:2,13
DA:3,13
DA:4,13
LF:4
LH:4
BRF:0
BRH:0
end_of_record
TN:
SF:src/schemas/payments-schemas.ts
FNF:0
FNH:0
DA:1,10
DA:4,10
LF:2
LH:2
BRF:0
BRH:0
end_of_record
TN:
SF:src/schemas/tickets-schemas.ts
FNF:0
FNH:0
DA:1,13
DA:4,13
LF:2
LH:2
BRF:0
BRH:0
end_of_record
TN:
SF:src/schemas/users-schemas.ts
FNF:0
FNH:0
DA:1,13
DA:4,13
LF:2
LH:2
BRF:0
BRH:0
end_of_record
TN:
SF:src/services/authentication-service.ts
FN:8,signIn
FN:23,getUserOrFail
FN:30,createSession
FN:40,validatePasswordOrFail
FNF:4
FNH:4
FNDA:9,signIn
FNDA:9,getUserOrFail
FNDA:5,createSession
FNDA:7,validatePasswordOrFail
DA:2,10
DA:3,10
DA:4,10
DA:5,10
DA:6,10
DA:9,9
DA:11,9
DA:13,7
DA:15,5
DA:17,5
DA:24,9
DA:25,9
DA:27,7
DA:31,5
DA:32,5
DA:37,5
DA:41,7
DA:42,7
DA:54,10
LF:19
LH:19
BRDA:25,0,0,2
BRDA:42,1,0,2
BRF:2
BRH:2
end_of_record
TN:
SF:src/services/enrollments-service.ts
FN:8,getAddressFromCEP
FN:27,getOneWithAddressByUserId
FN:43,getFirstAddress
FN:51,createOrUpdateEnrollmentWithAddress
FN:63,getAddressForUpsert
FNF:5
FNH:5
FNDA:4,getAddressFromCEP
FNDA:2,getOneWithAddressByUserId
FNDA:1,getFirstAddress
FNDA:2,createOrUpdateEnrollmentWithAddress
FNDA:2,getAddressForUpsert
DA:2,10
DA:3,10
DA:4,10
DA:5,10
DA:9,4
DA:11,3
DA:12,0
DA:15,3
DA:16,3
DA:24,3
DA:28,2
DA:30,2
DA:32,1
DA:33,1
DA:35,1
DA:44,1
DA:46,1
DA:52,2
DA:53,2
DA:54,2
DA:56,2
DA:58,2
DA:60,2
DA:64,2
DA:74,10
LF:25
LH:24
BRDA:11,0,0,0
BRDA:11,1,0,3
BRDA:11,1,1,3
BRDA:30,2,0,1
BRDA:37,3,0,1
BRDA:37,3,1,1
BRDA:44,4,0,0
BRDA:66,5,0,2
BRDA:66,5,1,2
BRF:9
BRH:7
end_of_record
TN:
SF:src/services/events-service.ts
FN:7,getFirstEvent
FN:16,isCurrentEventActive
FNF:2
FNH:2
FNDA:2,getFirstEvent
FNDA:9,isCurrentEventActive
DA:2,10
DA:3,10
DA:4,10
DA:5,10
DA:8,2
DA:9,2
DA:11,1
DA:17,9
DA:18,9
DA:20,8
DA:21,8
DA:22,8
DA:24,8
DA:27,10
LF:14
LH:14
BRDA:9,0,0,1
BRDA:18,1,0,1
BRDA:24,2,0,8
BRDA:24,2,1,7
BRF:4
BRH:4
end_of_record
TN:
SF:src/services/hotels-service.ts
FN:4,getHotels
FN:20,getHotelById
FNF:2
FNH:2
FNDA:7,getHotels
FNDA:7,getHotelById
DA:1,10
DA:2,10
DA:5,7
DA:6,7
DA:8,6
DA:9,6
DA:11,5
DA:12,5
DA:14,4
DA:15,4
DA:17,1
DA:21,7
DA:22,7
DA:24,6
DA:25,6
DA:27,5
DA:28,5
DA:30,4
DA:31,4
DA:33,1
DA:34,1
DA:37,10
LF:22
LH:22
BRDA:6,0,0,1
BRDA:9,1,0,1
BRDA:12,2,0,1
BRDA:15,3,0,3
BRDA:22,4,0,1
BRDA:25,5,0,1
BRDA:28,6,0,1
BRDA:31,7,0,3
BRF:8
BRH:8
end_of_record
TN:
SF:src/services/index.ts
FNF:0
FNH:0
DA:1,10
DA:2,10
DA:3,10
DA:4,10
DA:5,10
DA:6,10
DA:7,10
LF:7
LH:7
BRF:0
BRH:0
end_of_record
TN:
SF:src/services/payments-service.ts
FN:5,verifyTicketAndEnrollment
FN:17,getPaymentByTicketId
FN:25,paymentProcess
FNF:3
FNH:3
FNDA:9,verifyTicketAndEnrollment
FNDA:4,getPaymentByTicketId
FNDA:5,paymentProcess
DA:1,10
DA:3,10
DA:6,9
DA:8,8
DA:9,8
DA:11,6
DA:12,6
DA:14,4
DA:18,4
DA:20,1
DA:22,1
DA:26,5
DA:28,3
DA:35,3
DA:36,3
DA:37,3
DA:40,10
LF:17
LH:17
BRDA:6,0,0,1
BRDA:6,1,0,9
BRDA:6,1,1,8
BRDA:9,2,0,2
BRDA:12,3,0,2
BRF:5
BRH:5
end_of_record
TN:
SF:src/services/tickets-service.ts
FN:6,findTicketTypes
FN:11,getTicketByUserId
FN:21,createTicket
FNF:3
FNH:3
FNDA:2,findTicketTypes
FNDA:3,getTicketByUserId
FNDA:3,createTicket
DA:1,10
DA:2,10
DA:4,10
DA:7,2
DA:8,2
DA:12,3
DA:13,3
DA:15,2
DA:16,2
DA:18,1
DA:22,3
DA:24,3
DA:25,3
DA:27,2
DA:33,2
DA:34,2
DA:37,10
LF:17
LH:17
BRDA:13,0,0,1
BRDA:16,1,0,1
BRDA:22,2,0,0
BRDA:25,3,0,1
BRF:4
BRH:3
end_of_record
TN:
SF:src/services/users-service.ts
FN:7,createUser
FN:19,validateUniqueEmailOrFail
FN:26,canEnrollOrFail
FNF:3
FNH:3
FNDA:9,createUser
FNDA:7,validateUniqueEmailOrFail
FNDA:9,canEnrollOrFail
DA:2,10
DA:3,10
DA:4,10
DA:5,10
DA:7,10
DA:8,9
DA:10,7
DA:12,5
DA:13,5
DA:20,7
DA:21,7
DA:22,2
DA:27,9
DA:28,9
DA:29,2
DA:35,10
LF:16
LH:16
BRDA:21,0,0,2
BRDA:28,1,0,2
BRF:2
BRH:2
end_of_record
TN:
SF:src/utils/prisma-utils.ts
FN:1,exclude
FNF:1
FNH:1
FNDA:12,exclude
DA:1,10
DA:2,12
DA:3,12
DA:4,18
DA:6,12
LF:5
LH:5
BRF:0
BRH:0
end_of_record
TN:
SF:src/utils/request.ts
FN:4,get
FNF:1
FNH:1
FNDA:4,get
DA:1,10
DA:2,10
DA:5,4
DA:6,4
DA:7,3
DA:9,1
DA:10,1
DA:14,10
LF:8
LH:8
BRF:0
BRH:0
end_of_record
TN:
SF:tests/helpers.ts
FN:7,cleanDb
FN:21,generateValidToken
FNF:2
FNH:2
FNDA:59,cleanDb
FNDA:41,generateValidToken
DA:1,9
DA:3,9
DA:4,9
DA:5,9
DA:7,9
DA:8,59
DA:9,59
DA:10,59
DA:11,59
DA:12,59
DA:13,59
DA:14,59
DA:15,59
DA:16,59
DA:17,59
DA:18,59
DA:21,9
DA:22,41
DA:23,41
DA:25,41
DA:27,41
LF:21
LH:21
BRDA:22,0,0,41
BRDA:22,0,1,11
BRF:2
BRH:2
end_of_record
TN:
SF:tests/factories/enrollments-factory.ts
FN:8,createEnrollmentWithAddress
FN:35,createhAddressWithCEP
FNF:2
FNH:2
FNDA:31,createEnrollmentWithAddress
FNDA:1,createhAddressWithCEP
DA:1,9
DA:2,9
DA:5,9
DA:6,9
DA:8,9
DA:9,31
DA:11,31
DA:35,9
DA:36,1
LF:9
LH:9
BRDA:9,0,0,31
BRDA:9,0,1,0
BRF:2
BRH:1
end_of_record
TN:
SF:tests/factories/events-factory.ts
FN:6,createEvent
FNF:1
FNH:1
FNDA:4,createEvent
DA:1,9
DA:2,9
DA:4,9
DA:6,9
DA:7,4
LF:5
LH:5
BRDA:6,0,0,3
BRDA:9,1,0,4
BRDA:9,1,1,4
BRDA:10,2,0,4
BRDA:10,2,1,4
BRDA:11,3,0,4
BRDA:11,3,1,4
BRDA:12,4,0,4
BRDA:12,4,1,3
BRDA:13,5,0,4
BRDA:13,5,1,4
BRF:11
BRH:11
end_of_record
TN:
SF:tests/factories/hotels-factory.ts
FN:4,createRoom
FN:14,createHotel
FNF:2
FNH:2
FNDA:11,createRoom
FNDA:12,createHotel
DA:1,9
DA:2,9
DA:4,9
DA:5,11
DA:14,9
DA:15,12
LF:6
LH:6
BRF:0
BRH:0
end_of_record
TN:
SF:tests/factories/index.ts
FNF:0
FNH:0
DA:1,9
DA:2,9
DA:3,9
DA:4,9
DA:5,9
DA:6,9
DA:7,9
LF:7
LH:7
BRF:0
BRH:0
end_of_record
TN:
SF:tests/factories/payments-factory.ts
FN:4,createPayment
FN:15,generateCreditCardData
FNF:2
FNH:2
FNDA:1,createPayment
FNDA:6,generateCreditCardData
DA:1,9
DA:2,9
DA:4,9
DA:5,1
DA:15,9
DA:16,6
DA:18,6
LF:7
LH:7
BRF:0
BRH:0
end_of_record
TN:
SF:tests/factories/sessions-factory.ts
FN:5,createSession
FNF:1
FNH:1
FNDA:41,createSession
DA:2,9
DA:3,9
DA:5,9
DA:6,41
DA:8,41
LF:5
LH:5
BRF:0
BRH:0
end_of_record
TN:
SF:tests/factories/tickets-factory.ts
FN:5,createTicketType
FN:16,createTicket
FN:26,createTicketTypeInfo
FNF:3
FNH:3
FNDA:14,createTicketType
FNDA:19,createTicket
FNDA:10,createTicketTypeInfo
DA:1,9
DA:3,9
DA:5,9
DA:6,14
DA:16,9
DA:17,19
DA:26,9
DA:27,10
LF:8
LH:8
BRF:0
BRH:0
end_of_record
TN:
SF:tests/factories/users-factory.ts
FN:6,createUser
FNF:1
FNH:1
FNDA:100,createUser
DA:1,9
DA:2,9
DA:4,9
DA:6,9
DA:7,100
DA:8,100
DA:10,100
LF:7
LH:7
BRDA:6,0,0,92
BRDA:7,1,0,100
BRDA:7,1,1,92
BRDA:12,2,0,100
BRDA:12,2,1,92
BRF:5
BRH:5
end_of_record
